              :-) GROMACS - gmx mdrun, 2021.4-Ubuntu-2021.4-2 (-:

                            GROMACS is written by:
     Andrey Alekseenko              Emile Apol              Rossen Apostolov     
         Paul Bauer           Herman J.C. Berendsen           Par Bjelkmar       
       Christian Blau           Viacheslav Bolnykh             Kevin Boyd        
     Aldert van Buuren           Rudi van Drunen             Anton Feenstra      
    Gilles Gouaillardet             Alan Gray               Gerrit Groenhof      
       Anca Hamuraru            Vincent Hindriksen          M. Eric Irrgang      
      Aleksei Iupinov           Christoph Junghans             Joe Jordan        
    Dimitrios Karkoulis            Peter Kasson                Jiri Kraus        
      Carsten Kutzner              Per Larsson              Justin A. Lemkul     
       Viveca Lindahl            Magnus Lundborg             Erik Marklund       
        Pascal Merz             Pieter Meulenhoff            Teemu Murtola       
        Szilard Pall               Sander Pronk              Roland Schulz       
       Michael Shirts            Alexey Shvetsov             Alfons Sijbers      
       Peter Tieleman              Jon Vincent              Teemu Virolainen     
     Christian Wennberg            Maarten Wolf              Artem Zhmurov       
                           and the project leaders:
        Mark Abraham, Berk Hess, Erik Lindahl, and David van der Spoel

Copyright (c) 1991-2000, University of Groningen, The Netherlands.
Copyright (c) 2001-2019, The GROMACS development team at
Uppsala University, Stockholm University and
the Royal Institute of Technology, Sweden.
check out http://www.gromacs.org for more information.

GROMACS is free software; you can redistribute it and/or modify it
under the terms of the GNU Lesser General Public License
as published by the Free Software Foundation; either version 2.1
of the License, or (at your option) any later version.

GROMACS:      gmx mdrun, version 2021.4-Ubuntu-2021.4-2
Executable:   /usr/bin/gmx
Data prefix:  /usr
Working dir:  /mnt/c/users/user/Desktop/6LU7_Simulation
Process ID:   69901
Command line:
  gmx mdrun -deffnm npt -v

GROMACS version:    2021.4-Ubuntu-2021.4-2
Precision:          mixed
Memory model:       64 bit
MPI library:        thread_mpi
OpenMP support:     enabled (GMX_OPENMP_MAX_THREADS = 64)
GPU support:        disabled
SIMD instructions:  SSE4.1
FFT library:        fftw-3.3.8-sse2-avx
RDTSCP usage:       enabled
TNG support:        enabled
Hwloc support:      hwloc-2.5.0
Tracing support:    disabled
C compiler:         /usr/bin/cc GNU 11.2.0
C compiler flags:   -msse4.1 -Wno-missing-field-initializers -fexcess-precision=fast -funroll-all-loops -O3 -DNDEBUG
C++ compiler:       /usr/bin/c++ GNU 11.2.0
C++ compiler flags: -msse4.1 -Wno-missing-field-initializers -fexcess-precision=fast -funroll-all-loops -fopenmp -O3 -DNDEBUG


Running on 1 node with total 2 cores, 4 logical cores
Hardware detected:
  CPU info:
    Vendor: Intel
    Brand:  Intel(R) Core(TM) i5-4330M CPU @ 2.80GHz
    Family: 6   Model: 60   Stepping: 3
    Features: aes apic avx avx2 clfsh cmov cx8 cx16 f16c fma htt intel lahf mmx msr pcid pclmuldq pdcm pdpe1gb popcnt pse rdrnd rdtscp sse2 sse3 sse4.1 sse4.2 ssse3
  Hardware topology: Full, with devices
    Sockets, cores, and logical processors:
      Socket  0: [   0   1] [   2   3]
    Numa nodes:
      Node  0 (4065226752 bytes mem):   0   1   2   3
      Latency:
               0
         0  1.00
    Caches:
      L1: 32768 bytes, linesize 64 bytes, assoc. 8, shared 2 ways
      L2: 262144 bytes, linesize 64 bytes, assoc. 8, shared 2 ways
      L3: 3145728 bytes, linesize 64 bytes, assoc. 12, shared 4 ways
    PCI devices:
      38de:00:00.0  Id: 1af4:1043  Class: 0x0100  Numa: 0

Highest SIMD level supported by all nodes in run: AVX2_256
SIMD instructions selected at compile time:       SSE4.1
This program was compiled for different hardware than you are running on,
which could influence performance.

++++ PLEASE READ AND CITE THE FOLLOWING REFERENCE ++++
M. J. Abraham, T. Murtola, R. Schulz, S. Páll, J. C. Smith, B. Hess, E.
Lindahl
GROMACS: High performance molecular simulations through multi-level
parallelism from laptops to supercomputers
SoftwareX 1 (2015) pp. 19-25
-------- -------- --- Thank You --- -------- --------


++++ PLEASE READ AND CITE THE FOLLOWING REFERENCE ++++
S. Páll, M. J. Abraham, C. Kutzner, B. Hess, E. Lindahl
Tackling Exascale Software Challenges in Molecular Dynamics Simulations with
GROMACS
In S. Markidis & E. Laure (Eds.), Solving Software Challenges for Exascale 8759 (2015) pp. 3-27
-------- -------- --- Thank You --- -------- --------


++++ PLEASE READ AND CITE THE FOLLOWING REFERENCE ++++
S. Pronk, S. Páll, R. Schulz, P. Larsson, P. Bjelkmar, R. Apostolov, M. R.
Shirts, J. C. Smith, P. M. Kasson, D. van der Spoel, B. Hess, and E. Lindahl
GROMACS 4.5: a high-throughput and highly parallel open source molecular
simulation toolkit
Bioinformatics 29 (2013) pp. 845-54
-------- -------- --- Thank You --- -------- --------


++++ PLEASE READ AND CITE THE FOLLOWING REFERENCE ++++
B. Hess and C. Kutzner and D. van der Spoel and E. Lindahl
GROMACS 4: Algorithms for highly efficient, load-balanced, and scalable
molecular simulation
J. Chem. Theory Comput. 4 (2008) pp. 435-447
-------- -------- --- Thank You --- -------- --------


++++ PLEASE READ AND CITE THE FOLLOWING REFERENCE ++++
D. van der Spoel, E. Lindahl, B. Hess, G. Groenhof, A. E. Mark and H. J. C.
Berendsen
GROMACS: Fast, Flexible and Free
J. Comp. Chem. 26 (2005) pp. 1701-1719
-------- -------- --- Thank You --- -------- --------


++++ PLEASE READ AND CITE THE FOLLOWING REFERENCE ++++
E. Lindahl and B. Hess and D. van der Spoel
GROMACS 3.0: A package for molecular simulation and trajectory analysis
J. Mol. Mod. 7 (2001) pp. 306-317
-------- -------- --- Thank You --- -------- --------


++++ PLEASE READ AND CITE THE FOLLOWING REFERENCE ++++
H. J. C. Berendsen, D. van der Spoel and R. van Drunen
GROMACS: A message-passing parallel molecular dynamics implementation
Comp. Phys. Comm. 91 (1995) pp. 43-56
-------- -------- --- Thank You --- -------- --------

Input Parameters:
   integrator                     = md
   tinit                          = 0
   dt                             = 0.002
   nsteps                         = 50000
   init-step                      = 0
   simulation-part                = 1
   mts                            = false
   comm-mode                      = Linear
   nstcomm                        = 100
   bd-fric                        = 0
   ld-seed                        = -71308305
   emtol                          = 10
   emstep                         = 0.01
   niter                          = 20
   fcstep                         = 0
   nstcgsteep                     = 1000
   nbfgscorr                      = 10
   rtpi                           = 0.05
   nstxout                        = 1000
   nstvout                        = 1000
   nstfout                        = 0
   nstlog                         = 1000
   nstcalcenergy                  = 100
   nstenergy                      = 1000
   nstxout-compressed             = 0
   compressed-x-precision         = 1000
   cutoff-scheme                  = Verlet
   nstlist                        = 10
   pbc                            = xyz
   periodic-molecules             = false
   verlet-buffer-tolerance        = 0.005
   rlist                          = 1
   coulombtype                    = PME
   coulomb-modifier               = Potential-shift
   rcoulomb-switch                = 0
   rcoulomb                       = 1
   epsilon-r                      = 1
   epsilon-rf                     = inf
   vdw-type                       = Cut-off
   vdw-modifier                   = Potential-shift
   rvdw-switch                    = 0
   rvdw                           = 1
   DispCorr                       = No
   table-extension                = 1
   fourierspacing                 = 0.16
   fourier-nx                     = 64
   fourier-ny                     = 64
   fourier-nz                     = 64
   pme-order                      = 4
   ewald-rtol                     = 1e-05
   ewald-rtol-lj                  = 0.001
   lj-pme-comb-rule               = Geometric
   ewald-geometry                 = 0
   epsilon-surface                = 0
   tcoupl                         = V-rescale
   nsttcouple                     = 10
   nh-chain-length                = 0
   print-nose-hoover-chain-variables = false
   pcoupl                         = Parrinello-Rahman
   pcoupltype                     = Isotropic
   nstpcouple                     = 10
   tau-p                          = 2
   compressibility (3x3):
      compressibility[    0]={ 4.50000e-05,  0.00000e+00,  0.00000e+00}
      compressibility[    1]={ 0.00000e+00,  4.50000e-05,  0.00000e+00}
      compressibility[    2]={ 0.00000e+00,  0.00000e+00,  4.50000e-05}
   ref-p (3x3):
      ref-p[    0]={ 1.00000e+00,  0.00000e+00,  0.00000e+00}
      ref-p[    1]={ 0.00000e+00,  1.00000e+00,  0.00000e+00}
      ref-p[    2]={ 0.00000e+00,  0.00000e+00,  1.00000e+00}
   refcoord-scaling               = COM
   posres-com (3):
      posres-com[0]= 5.01184e-01
      posres-com[1]= 5.00626e-01
      posres-com[2]= 5.00458e-01
   posres-comB (3):
      posres-comB[0]= 5.01184e-01
      posres-comB[1]= 5.00626e-01
      posres-comB[2]= 5.00458e-01
   QMMM                           = false
qm-opts:
   ngQM                           = 0
   constraint-algorithm           = Lincs
   continuation                   = true
   Shake-SOR                      = false
   shake-tol                      = 0.0001
   lincs-order                    = 4
   lincs-iter                     = 1
   lincs-warnangle                = 30
   nwall                          = 0
   wall-type                      = 9-3
   wall-r-linpot                  = -1
   wall-atomtype[0]               = -1
   wall-atomtype[1]               = -1
   wall-density[0]                = 0
   wall-density[1]                = 0
   wall-ewald-zfac                = 3
   pull                           = false
   awh                            = false
   rotation                       = false
   interactiveMD                  = false
   disre                          = No
   disre-weighting                = Conservative
   disre-mixed                    = false
   dr-fc                          = 1000
   dr-tau                         = 0
   nstdisreout                    = 100
   orire-fc                       = 0
   orire-tau                      = 0
   nstorireout                    = 100
   free-energy                    = no
   cos-acceleration               = 0
   deform (3x3):
      deform[    0]={ 0.00000e+00,  0.00000e+00,  0.00000e+00}
      deform[    1]={ 0.00000e+00,  0.00000e+00,  0.00000e+00}
      deform[    2]={ 0.00000e+00,  0.00000e+00,  0.00000e+00}
   simulated-tempering            = false
   swapcoords                     = no
   userint1                       = 0
   userint2                       = 0
   userint3                       = 0
   userint4                       = 0
   userreal1                      = 0
   userreal2                      = 0
   userreal3                      = 0
   userreal4                      = 0
   applied-forces:
     electric-field:
       x:
         E0                       = 0
         omega                    = 0
         t0                       = 0
         sigma                    = 0
       y:
         E0                       = 0
         omega                    = 0
         t0                       = 0
         sigma                    = 0
       z:
         E0                       = 0
         omega                    = 0
         t0                       = 0
         sigma                    = 0
     density-guided-simulation:
       active                     = false
       group                      = protein
       similarity-measure         = inner-product
       atom-spreading-weight      = unity
       force-constant             = 1e+09
       gaussian-transform-spreading-width = 0.2
       gaussian-transform-spreading-range-in-multiples-of-width = 4
       reference-density-filename = reference.mrc
       nst                        = 1
       normalize-densities        = true
       adaptive-force-scaling     = false
       adaptive-force-scaling-time-constant = 4
       shift-vector               = 
       transformation-matrix      = 
grpopts:
   nrdf:     9310.84      168021
   ref-t:         300         300
   tau-t:         0.1         0.1
annealing:          No          No
annealing-npoints:           0           0
   acc:	           0           0           0
   nfreeze:           N           N           N
   energygrp-flags[  0]: 0

Changing nstlist from 10 to 50, rlist from 1 to 1.116

Using 1 MPI thread
Using 4 OpenMP threads 

Pinning threads with an auto-selected logical core stride of 1
System total charge: -0.000
Will do PME sum in reciprocal space for electrostatic interactions.

++++ PLEASE READ AND CITE THE FOLLOWING REFERENCE ++++
U. Essmann, L. Perera, M. L. Berkowitz, T. Darden, H. Lee and L. G. Pedersen 
A smooth particle mesh Ewald method
J. Chem. Phys. 103 (1995) pp. 8577-8592
-------- -------- --- Thank You --- -------- --------

Using a Gaussian width (1/beta) of 0.320163 nm for Ewald
Potential shift: LJ r^-12: -1.000e+00 r^-6: -1.000e+00, Ewald -1.000e-05
Initialized non-bonded Ewald tables, spacing: 9.33e-04 size: 1073

Generated table with 1058 data points for 1-4 COUL.
Tabscale = 500 points/nm
Generated table with 1058 data points for 1-4 LJ6.
Tabscale = 500 points/nm
Generated table with 1058 data points for 1-4 LJ12.
Tabscale = 500 points/nm


Using SIMD 4x4 nonbonded short-range kernels

Using a dual 4x4 pair-list setup updated with dynamic pruning:
  outer list: updated every 50 steps, buffer 0.116 nm, rlist 1.116 nm
  inner list: updated every 12 steps, buffer 0.003 nm, rlist 1.003 nm
At tolerance 0.005 kJ/mol/ps per atom, equivalent classical 1x1 list would be:
  outer list: updated every 50 steps, buffer 0.244 nm, rlist 1.244 nm
  inner list: updated every 12 steps, buffer 0.047 nm, rlist 1.047 nm

Using geometric Lennard-Jones combination rule

Initializing LINear Constraint Solver

++++ PLEASE READ AND CITE THE FOLLOWING REFERENCE ++++
B. Hess and H. Bekker and H. J. C. Berendsen and J. G. E. M. Fraaije
LINCS: A Linear Constraint Solver for molecular simulations
J. Comp. Chem. 18 (1997) pp. 1463-1472
-------- -------- --- Thank You --- -------- --------

The number of constraints is 4735

++++ PLEASE READ AND CITE THE FOLLOWING REFERENCE ++++
S. Miyamoto and P. A. Kollman
SETTLE: An Analytical Version of the SHAKE and RATTLE Algorithms for Rigid
Water Models
J. Comp. Chem. 13 (1992) pp. 952-962
-------- -------- --- Thank You --- -------- --------


++++ PLEASE READ AND CITE THE FOLLOWING REFERENCE ++++
G. Bussi, D. Donadio and M. Parrinello
Canonical sampling through velocity rescaling
J. Chem. Phys. 126 (2007) pp. 014101
-------- -------- --- Thank You --- -------- --------

There are: 88692 Atoms
Center of mass motion removal mode is Linear
We have the following groups for center of mass motion removal:
  0:  rest

Started mdrun on rank 0 Tue Jun 11 15:26:50 2024

           Step           Time
              0        0.00000

   Energies (kJ/mol)
          Angle    Proper Dih. Ryckaert-Bell.          LJ-14     Coulomb-14
    9.07374e+03    5.44733e+02    4.46025e+03    7.14773e+03    3.11051e+04
        LJ (SR)   Coulomb (SR)   Coul. recip. Position Rest.      Potential
    2.43692e+05   -1.65588e+06    7.75685e+03    2.96148e-01   -1.35210e+06
    Kinetic En.   Total Energy  Conserved En.    Temperature Pressure (bar)
    2.20777e+05   -1.13132e+06   -1.13127e+06    2.99476e+02   -1.25366e+02
   Constr. rmsd
    2.74558e-05

           Step           Time
           1000        2.00000

   Energies (kJ/mol)
          Angle    Proper Dih. Ryckaert-Bell.          LJ-14     Coulomb-14
    9.36364e+03    5.64330e+02    4.19848e+03    7.05159e+03    3.09545e+04
        LJ (SR)   Coulomb (SR)   Coul. recip. Position Rest.      Potential
    2.44149e+05   -1.65830e+06    7.43166e+03    1.05841e+03   -1.35352e+06
    Kinetic En.   Total Energy  Conserved En.    Temperature Pressure (bar)
    2.20721e+05   -1.13280e+06   -1.13132e+06    2.99400e+02   -1.72326e+02
   Constr. rmsd
    2.81883e-05

           Step           Time
           2000        4.00000

   Energies (kJ/mol)
          Angle    Proper Dih. Ryckaert-Bell.          LJ-14     Coulomb-14
    9.43810e+03    5.45568e+02    4.51215e+03    7.16417e+03    3.11586e+04
        LJ (SR)   Coulomb (SR)   Coul. recip. Position Rest.      Potential
    2.44971e+05   -1.65755e+06    7.62450e+03    1.06947e+03   -1.35107e+06
    Kinetic En.   Total Energy  Conserved En.    Temperature Pressure (bar)
    2.23136e+05   -1.12793e+06   -1.13141e+06    3.02676e+02   -8.26074e+01
   Constr. rmsd
    2.77994e-05

           Step           Time
           3000        6.00000

   Energies (kJ/mol)
          Angle    Proper Dih. Ryckaert-Bell.          LJ-14     Coulomb-14
    9.28470e+03    5.76339e+02    4.27416e+03    7.13769e+03    3.10124e+04
        LJ (SR)   Coulomb (SR)   Coul. recip. Position Rest.      Potential
    2.44954e+05   -1.65465e+06    7.60737e+03    1.04883e+03   -1.34875e+06
    Kinetic En.   Total Energy  Conserved En.    Temperature Pressure (bar)
    2.20744e+05   -1.12801e+06   -1.13146e+06    2.99431e+02    2.55401e+01
   Constr. rmsd
    2.86176e-05

           Step           Time
           4000        8.00000

   Energies (kJ/mol)
          Angle    Proper Dih. Ryckaert-Bell.          LJ-14     Coulomb-14
    9.21097e+03    5.67731e+02    4.39322e+03    7.17730e+03    3.10751e+04
        LJ (SR)   Coulomb (SR)   Coul. recip. Position Rest.      Potential
    2.43843e+05   -1.65584e+06    7.41994e+03    1.06729e+03   -1.35109e+06
    Kinetic En.   Total Energy  Conserved En.    Temperature Pressure (bar)
    2.21187e+05   -1.12990e+06   -1.13151e+06    3.00033e+02   -9.17537e+01
   Constr. rmsd
    2.72958e-05

           Step           Time
           5000       10.00000

   Energies (kJ/mol)
          Angle    Proper Dih. Ryckaert-Bell.          LJ-14     Coulomb-14
    9.12370e+03    6.10014e+02    4.41023e+03    7.19279e+03    3.12056e+04
        LJ (SR)   Coulomb (SR)   Coul. recip. Position Rest.      Potential
    2.45940e+05   -1.65841e+06    7.56655e+03    1.02395e+03   -1.35133e+06
    Kinetic En.   Total Energy  Conserved En.    Temperature Pressure (bar)
    2.20802e+05   -1.13053e+06   -1.13157e+06    2.99510e+02    9.31992e+01
   Constr. rmsd
    2.80511e-05

           Step           Time
           6000       12.00000

   Energies (kJ/mol)
          Angle    Proper Dih. Ryckaert-Bell.          LJ-14     Coulomb-14
    9.33564e+03    5.46239e+02    4.32655e+03    7.14435e+03    3.11722e+04
        LJ (SR)   Coulomb (SR)   Coul. recip. Position Rest.      Potential
    2.44088e+05   -1.65484e+06    7.58316e+03    1.09058e+03   -1.34955e+06
    Kinetic En.   Total Energy  Conserved En.    Temperature Pressure (bar)
    2.21065e+05   -1.12849e+06   -1.13164e+06    2.99867e+02   -1.33199e+02
   Constr. rmsd
    2.80014e-05

           Step           Time
           7000       14.00000

   Energies (kJ/mol)
          Angle    Proper Dih. Ryckaert-Bell.          LJ-14     Coulomb-14
    9.38725e+03    5.38778e+02    4.35142e+03    7.17271e+03    3.10990e+04
        LJ (SR)   Coulomb (SR)   Coul. recip. Position Rest.      Potential
    2.46032e+05   -1.65838e+06    7.61545e+03    1.03219e+03   -1.35115e+06
    Kinetic En.   Total Energy  Conserved En.    Temperature Pressure (bar)
    2.20330e+05   -1.13082e+06   -1.13168e+06    2.98869e+02    7.87394e+01
   Constr. rmsd
    2.66333e-05

           Step           Time
           8000       16.00000

   Energies (kJ/mol)
          Angle    Proper Dih. Ryckaert-Bell.          LJ-14     Coulomb-14
    9.40243e+03    5.87088e+02    4.46302e+03    7.16412e+03    3.11458e+04
        LJ (SR)   Coulomb (SR)   Coul. recip. Position Rest.      Potential
    2.45042e+05   -1.65907e+06    7.54867e+03    1.05514e+03   -1.35266e+06
    Kinetic En.   Total Energy  Conserved En.    Temperature Pressure (bar)
    2.20450e+05   -1.13221e+06   -1.13173e+06    2.99033e+02   -3.72298e+01
   Constr. rmsd
    2.57493e-05

           Step           Time
           9000       18.00000

   Energies (kJ/mol)
          Angle    Proper Dih. Ryckaert-Bell.          LJ-14     Coulomb-14
    9.33832e+03    5.16013e+02    4.39654e+03    7.14768e+03    3.11646e+04
        LJ (SR)   Coulomb (SR)   Coul. recip. Position Rest.      Potential
    2.44856e+05   -1.65681e+06    7.54212e+03    1.02596e+03   -1.35082e+06
    Kinetic En.   Total Energy  Conserved En.    Temperature Pressure (bar)
    2.21036e+05   -1.12978e+06   -1.13181e+06    2.99827e+02    2.17821e+01
   Constr. rmsd
    2.67157e-05

           Step           Time
          10000       20.00000

   Energies (kJ/mol)
          Angle    Proper Dih. Ryckaert-Bell.          LJ-14     Coulomb-14
    9.11905e+03    5.21745e+02    4.47014e+03    7.27331e+03    3.11338e+04
        LJ (SR)   Coulomb (SR)   Coul. recip. Position Rest.      Potential
    2.45107e+05   -1.65739e+06    7.49775e+03    1.06293e+03   -1.35121e+06
    Kinetic En.   Total Energy  Conserved En.    Temperature Pressure (bar)
    2.21097e+05   -1.13011e+06   -1.13187e+06    2.99910e+02    9.66987e+01
   Constr. rmsd
    2.62582e-05

Writing checkpoint, step 10600 at Tue Jun 11 15:41:53 2024


           Step           Time
          11000       22.00000

   Energies (kJ/mol)
          Angle    Proper Dih. Ryckaert-Bell.          LJ-14     Coulomb-14
    9.66307e+03    5.84388e+02    4.29551e+03    7.07443e+03    3.10107e+04
        LJ (SR)   Coulomb (SR)   Coul. recip. Position Rest.      Potential
    2.44427e+05   -1.65405e+06    7.70615e+03    1.10011e+03   -1.34819e+06
    Kinetic En.   Total Energy  Conserved En.    Temperature Pressure (bar)
    2.22652e+05   -1.12554e+06   -1.13196e+06    3.02020e+02    3.07045e+01
   Constr. rmsd
    2.82846e-05

           Step           Time
          12000       24.00000

   Energies (kJ/mol)
          Angle    Proper Dih. Ryckaert-Bell.          LJ-14     Coulomb-14
    9.07102e+03    5.46252e+02    4.43174e+03    7.05379e+03    3.11797e+04
        LJ (SR)   Coulomb (SR)   Coul. recip. Position Rest.      Potential
    2.44392e+05   -1.65853e+06    7.64602e+03    1.07427e+03   -1.35313e+06
    Kinetic En.   Total Energy  Conserved En.    Temperature Pressure (bar)
    2.21259e+05   -1.13187e+06   -1.13201e+06    3.00130e+02   -1.55151e+02
   Constr. rmsd
    2.87594e-05

           Step           Time
          13000       26.00000

   Energies (kJ/mol)
          Angle    Proper Dih. Ryckaert-Bell.          LJ-14     Coulomb-14
    9.24268e+03    5.33430e+02    4.37949e+03    7.10341e+03    3.10860e+04
        LJ (SR)   Coulomb (SR)   Coul. recip. Position Rest.      Potential
    2.45411e+05   -1.65758e+06    7.55426e+03    1.09060e+03   -1.35118e+06
    Kinetic En.   Total Energy  Conserved En.    Temperature Pressure (bar)
    2.21600e+05   -1.12958e+06   -1.13207e+06    3.00593e+02   -3.32710e+01
   Constr. rmsd
    2.76332e-05

           Step           Time
          14000       28.00000

   Energies (kJ/mol)
          Angle    Proper Dih. Ryckaert-Bell.          LJ-14     Coulomb-14
    9.36219e+03    5.63390e+02    4.32398e+03    7.01665e+03    3.09433e+04
        LJ (SR)   Coulomb (SR)   Coul. recip. Position Rest.      Potential
    2.44981e+05   -1.65738e+06    7.50647e+03    1.07183e+03   -1.35161e+06
    Kinetic En.   Total Energy  Conserved En.    Temperature Pressure (bar)
    2.20555e+05   -1.13106e+06   -1.13213e+06    2.99175e+02   -3.67345e+01
   Constr. rmsd
    2.74286e-05

           Step           Time
          15000       30.00000

   Energies (kJ/mol)
          Angle    Proper Dih. Ryckaert-Bell.          LJ-14     Coulomb-14
    9.22927e+03    5.89962e+02    4.40017e+03    7.13634e+03    3.12310e+04
        LJ (SR)   Coulomb (SR)   Coul. recip. Position Rest.      Potential
    2.44881e+05   -1.65794e+06    7.67061e+03    1.06941e+03   -1.35173e+06
    Kinetic En.   Total Energy  Conserved En.    Temperature Pressure (bar)
    2.20123e+05   -1.13161e+06   -1.13220e+06    2.98589e+02   -2.16070e+01
   Constr. rmsd
    2.67720e-05

           Step           Time
          16000       32.00000

   Energies (kJ/mol)
          Angle    Proper Dih. Ryckaert-Bell.          LJ-14     Coulomb-14
    9.32514e+03    5.79730e+02    4.34979e+03    7.05702e+03    3.10938e+04
        LJ (SR)   Coulomb (SR)   Coul. recip. Position Rest.      Potential
    2.44747e+05   -1.65551e+06    7.67958e+03    1.05960e+03   -1.34962e+06
    Kinetic En.   Total Energy  Conserved En.    Temperature Pressure (bar)
    2.21103e+05   -1.12852e+06   -1.13226e+06    2.99919e+02    4.57809e+01
   Constr. rmsd
    2.73702e-05

           Step           Time
          17000       34.00000

   Energies (kJ/mol)
          Angle    Proper Dih. Ryckaert-Bell.          LJ-14     Coulomb-14
    9.27135e+03    5.30915e+02    4.31110e+03    7.16019e+03    3.11627e+04
        LJ (SR)   Coulomb (SR)   Coul. recip. Position Rest.      Potential
    2.44955e+05   -1.65862e+06    7.52897e+03    1.12550e+03   -1.35257e+06
    Kinetic En.   Total Energy  Conserved En.    Temperature Pressure (bar)
    2.21469e+05   -1.13110e+06   -1.13232e+06    3.00415e+02   -6.35899e+01
   Constr. rmsd
    2.71655e-05

           Step           Time
          18000       36.00000

   Energies (kJ/mol)
          Angle    Proper Dih. Ryckaert-Bell.          LJ-14     Coulomb-14
    9.33330e+03    5.40948e+02    4.30257e+03    7.09239e+03    3.10648e+04
        LJ (SR)   Coulomb (SR)   Coul. recip. Position Rest.      Potential
    2.42805e+05   -1.65189e+06    7.56951e+03    1.11700e+03   -1.34806e+06
    Kinetic En.   Total Energy  Conserved En.    Temperature Pressure (bar)
    2.21346e+05   -1.12672e+06   -1.13239e+06    3.00248e+02   -1.25601e+02
   Constr. rmsd
    2.89752e-05

           Step           Time
          19000       38.00000

   Energies (kJ/mol)
          Angle    Proper Dih. Ryckaert-Bell.          LJ-14     Coulomb-14
    9.21997e+03    5.19578e+02    4.35902e+03    7.16313e+03    3.10441e+04
        LJ (SR)   Coulomb (SR)   Coul. recip. Position Rest.      Potential
    2.45721e+05   -1.65788e+06    7.55777e+03    1.13416e+03   -1.35116e+06
    Kinetic En.   Total Energy  Conserved En.    Temperature Pressure (bar)
    2.19330e+05   -1.13183e+06   -1.13244e+06    2.97514e+02    4.97295e+01
   Constr. rmsd
    2.76588e-05

           Step           Time
          20000       40.00000

   Energies (kJ/mol)
          Angle    Proper Dih. Ryckaert-Bell.          LJ-14     Coulomb-14
    9.24610e+03    5.40305e+02    4.33052e+03    7.19050e+03    3.10670e+04
        LJ (SR)   Coulomb (SR)   Coul. recip. Position Rest.      Potential
    2.45370e+05   -1.65608e+06    7.63206e+03    1.10521e+03   -1.34960e+06
    Kinetic En.   Total Energy  Conserved En.    Temperature Pressure (bar)
    2.20494e+05   -1.12911e+06   -1.13248e+06    2.99093e+02   -1.28516e+01
   Constr. rmsd
    2.77899e-05

           Step           Time
          21000       42.00000

   Energies (kJ/mol)
          Angle    Proper Dih. Ryckaert-Bell.          LJ-14     Coulomb-14
    9.19823e+03    5.64402e+02    4.25467e+03    7.11469e+03    3.11438e+04
        LJ (SR)   Coulomb (SR)   Coul. recip. Position Rest.      Potential
    2.43647e+05   -1.65572e+06    7.52997e+03    1.03995e+03   -1.35123e+06
    Kinetic En.   Total Energy  Conserved En.    Temperature Pressure (bar)
    2.20250e+05   -1.13098e+06   -1.13256e+06    2.98761e+02   -2.93486e+01
   Constr. rmsd
    2.74066e-05

           Step           Time
          22000       44.00000

   Energies (kJ/mol)
          Angle    Proper Dih. Ryckaert-Bell.          LJ-14     Coulomb-14
    9.37969e+03    5.79450e+02    4.30496e+03    7.13924e+03    3.12656e+04
        LJ (SR)   Coulomb (SR)   Coul. recip. Position Rest.      Potential
    2.46217e+05   -1.65935e+06    7.55527e+03    1.08102e+03   -1.35182e+06
    Kinetic En.   Total Energy  Conserved En.    Temperature Pressure (bar)
    2.20946e+05   -1.13088e+06   -1.13261e+06    2.99706e+02    4.18390e+01
   Constr. rmsd
    2.73793e-05

Writing checkpoint, step 22050 at Tue Jun 11 15:56:51 2024


           Step           Time
          23000       46.00000

   Energies (kJ/mol)
          Angle    Proper Dih. Ryckaert-Bell.          LJ-14     Coulomb-14
    9.15457e+03    5.23465e+02    4.39035e+03    7.09556e+03    3.10719e+04
        LJ (SR)   Coulomb (SR)   Coul. recip. Position Rest.      Potential
    2.45303e+05   -1.65817e+06    7.56936e+03    1.05030e+03   -1.35201e+06
    Kinetic En.   Total Energy  Conserved En.    Temperature Pressure (bar)
    2.20215e+05   -1.13180e+06   -1.13267e+06    2.98713e+02   -2.52521e+01
   Constr. rmsd
    2.77937e-05

           Step           Time
          24000       48.00000

   Energies (kJ/mol)
          Angle    Proper Dih. Ryckaert-Bell.          LJ-14     Coulomb-14
    9.16552e+03    5.62151e+02    4.30554e+03    7.24764e+03    3.11410e+04
        LJ (SR)   Coulomb (SR)   Coul. recip. Position Rest.      Potential
    2.46838e+05   -1.65829e+06    7.65818e+03    1.11909e+03   -1.35025e+06
    Kinetic En.   Total Energy  Conserved En.    Temperature Pressure (bar)
    2.20232e+05   -1.13002e+06   -1.13274e+06    2.98737e+02    1.44949e+02
   Constr. rmsd
    2.62138e-05

           Step           Time
          25000       50.00000

   Energies (kJ/mol)
          Angle    Proper Dih. Ryckaert-Bell.          LJ-14     Coulomb-14
    9.08504e+03    5.65320e+02    4.39635e+03    7.25402e+03    3.11660e+04
        LJ (SR)   Coulomb (SR)   Coul. recip. Position Rest.      Potential
    2.43111e+05   -1.65321e+06    7.68333e+03    1.08176e+03   -1.34887e+06
    Kinetic En.   Total Energy  Conserved En.    Temperature Pressure (bar)
    2.20583e+05   -1.12828e+06   -1.13281e+06    2.99214e+02   -1.42414e+02
   Constr. rmsd
    2.79460e-05

           Step           Time
          26000       52.00000

   Energies (kJ/mol)
          Angle    Proper Dih. Ryckaert-Bell.          LJ-14     Coulomb-14
    9.11386e+03    5.44951e+02    4.34388e+03    7.09535e+03    3.10288e+04
        LJ (SR)   Coulomb (SR)   Coul. recip. Position Rest.      Potential
    2.43652e+05   -1.65611e+06    7.52925e+03    1.06215e+03   -1.35174e+06
    Kinetic En.   Total Energy  Conserved En.    Temperature Pressure (bar)
    2.19730e+05   -1.13201e+06   -1.13287e+06    2.98056e+02   -2.12961e+02
   Constr. rmsd
    2.81665e-05

           Step           Time
          27000       54.00000

   Energies (kJ/mol)
          Angle    Proper Dih. Ryckaert-Bell.          LJ-14     Coulomb-14
    9.15378e+03    5.17106e+02    4.36728e+03    7.09893e+03    3.11273e+04
        LJ (SR)   Coulomb (SR)   Coul. recip. Position Rest.      Potential
    2.43964e+05   -1.65732e+06    7.43398e+03    1.05682e+03   -1.35260e+06
    Kinetic En.   Total Energy  Conserved En.    Temperature Pressure (bar)
    2.20800e+05   -1.13180e+06   -1.13293e+06    2.99508e+02   -7.10431e+01
   Constr. rmsd
    2.75597e-05

           Step           Time
          28000       56.00000

   Energies (kJ/mol)
          Angle    Proper Dih. Ryckaert-Bell.          LJ-14     Coulomb-14
    9.12356e+03    5.93023e+02    4.43139e+03    7.09998e+03    3.10816e+04
        LJ (SR)   Coulomb (SR)   Coul. recip. Position Rest.      Potential
    2.46933e+05   -1.65866e+06    7.49650e+03    1.10537e+03   -1.35080e+06
    Kinetic En.   Total Energy  Conserved En.    Temperature Pressure (bar)
    2.21730e+05   -1.12907e+06   -1.13300e+06    3.00768e+02    8.61924e+01
   Constr. rmsd
    2.82987e-05

           Step           Time
          29000       58.00000

   Energies (kJ/mol)
          Angle    Proper Dih. Ryckaert-Bell.          LJ-14     Coulomb-14
    9.34945e+03    5.55613e+02    4.36374e+03    7.17864e+03    3.10864e+04
        LJ (SR)   Coulomb (SR)   Coul. recip. Position Rest.      Potential
    2.44840e+05   -1.65657e+06    7.62777e+03    1.11295e+03   -1.35046e+06
    Kinetic En.   Total Energy  Conserved En.    Temperature Pressure (bar)
    2.21582e+05   -1.12887e+06   -1.13307e+06    3.00568e+02   -4.03482e+01
   Constr. rmsd
    2.77669e-05

           Step           Time
          30000       60.00000

   Energies (kJ/mol)
          Angle    Proper Dih. Ryckaert-Bell.          LJ-14     Coulomb-14
    9.59323e+03    5.84071e+02    4.30646e+03    7.12080e+03    3.10575e+04
        LJ (SR)   Coulomb (SR)   Coul. recip. Position Rest.      Potential
    2.46241e+05   -1.65783e+06    7.60706e+03    1.09039e+03   -1.35023e+06
    Kinetic En.   Total Energy  Conserved En.    Temperature Pressure (bar)
    2.21675e+05   -1.12856e+06   -1.13310e+06    3.00695e+02    6.99083e+01
   Constr. rmsd
    2.77252e-05

           Step           Time
          31000       62.00000

   Energies (kJ/mol)
          Angle    Proper Dih. Ryckaert-Bell.          LJ-14     Coulomb-14
    9.08992e+03    5.60881e+02    4.25639e+03    7.03575e+03    3.09680e+04
        LJ (SR)   Coulomb (SR)   Coul. recip. Position Rest.      Potential
    2.46438e+05   -1.66147e+06    7.38211e+03    1.04230e+03   -1.35470e+06
    Kinetic En.   Total Energy  Conserved En.    Temperature Pressure (bar)
    2.20501e+05   -1.13420e+06   -1.13319e+06    2.99102e+02    1.09201e+01
   Constr. rmsd
    2.68593e-05

           Step           Time
          32000       64.00000

   Energies (kJ/mol)
          Angle    Proper Dih. Ryckaert-Bell.          LJ-14     Coulomb-14
    9.14005e+03    5.79470e+02    4.31686e+03    7.09265e+03    3.09524e+04
        LJ (SR)   Coulomb (SR)   Coul. recip. Position Rest.      Potential
    2.44868e+05   -1.65897e+06    7.66161e+03    1.06465e+03   -1.35329e+06
    Kinetic En.   Total Energy  Conserved En.    Temperature Pressure (bar)
    2.20936e+05   -1.13236e+06   -1.13324e+06    2.99692e+02   -5.85930e+01
   Constr. rmsd
    2.84569e-05

           Step           Time
          33000       66.00000

   Energies (kJ/mol)
          Angle    Proper Dih. Ryckaert-Bell.          LJ-14     Coulomb-14
    9.23925e+03    4.97728e+02    4.25079e+03    7.03919e+03    3.09630e+04
        LJ (SR)   Coulomb (SR)   Coul. recip. Position Rest.      Potential
    2.45662e+05   -1.65909e+06    7.37639e+03    1.06866e+03   -1.35299e+06
    Kinetic En.   Total Energy  Conserved En.    Temperature Pressure (bar)
    2.21802e+05   -1.13119e+06   -1.13333e+06    3.00867e+02    4.17268e+01
   Constr. rmsd
    2.82668e-05

Writing checkpoint, step 33650 at Tue Jun 11 16:11:53 2024


           Step           Time
          34000       68.00000

   Energies (kJ/mol)
          Angle    Proper Dih. Ryckaert-Bell.          LJ-14     Coulomb-14
    9.11572e+03    5.85703e+02    4.38767e+03    7.03093e+03    3.10509e+04
        LJ (SR)   Coulomb (SR)   Coul. recip. Position Rest.      Potential
    2.42899e+05   -1.65611e+06    7.58930e+03    1.15007e+03   -1.35230e+06
    Kinetic En.   Total Energy  Conserved En.    Temperature Pressure (bar)
    2.20577e+05   -1.13172e+06   -1.13336e+06    2.99205e+02   -1.91622e+02
   Constr. rmsd
    2.81957e-05

           Step           Time
          35000       70.00000

   Energies (kJ/mol)
          Angle    Proper Dih. Ryckaert-Bell.          LJ-14     Coulomb-14
    9.32569e+03    5.34901e+02    4.24805e+03    7.20044e+03    3.11163e+04
        LJ (SR)   Coulomb (SR)   Coul. recip. Position Rest.      Potential
    2.45480e+05   -1.65616e+06    7.61464e+03    1.13058e+03   -1.34951e+06
    Kinetic En.   Total Energy  Conserved En.    Temperature Pressure (bar)
    2.20323e+05   -1.12919e+06   -1.13343e+06    2.98860e+02    6.18133e+01
   Constr. rmsd
    2.84066e-05

           Step           Time
          36000       72.00000

   Energies (kJ/mol)
          Angle    Proper Dih. Ryckaert-Bell.          LJ-14     Coulomb-14
    9.01401e+03    6.17055e+02    4.35204e+03    7.23289e+03    3.11205e+04
        LJ (SR)   Coulomb (SR)   Coul. recip. Position Rest.      Potential
    2.46751e+05   -1.66091e+06    7.51600e+03    1.07439e+03   -1.35323e+06
    Kinetic En.   Total Energy  Conserved En.    Temperature Pressure (bar)
    2.22866e+05   -1.13036e+06   -1.13350e+06    3.02310e+02    1.82631e+02
   Constr. rmsd
    2.60343e-05

           Step           Time
          37000       74.00000

   Energies (kJ/mol)
          Angle    Proper Dih. Ryckaert-Bell.          LJ-14     Coulomb-14
    9.29132e+03    6.01283e+02    4.27673e+03    7.15203e+03    3.11303e+04
        LJ (SR)   Coulomb (SR)   Coul. recip. Position Rest.      Potential
    2.45352e+05   -1.65614e+06    7.51253e+03    1.16379e+03   -1.34966e+06
    Kinetic En.   Total Energy  Conserved En.    Temperature Pressure (bar)
    2.20708e+05   -1.12895e+06   -1.13355e+06    2.99382e+02    4.22871e+00
   Constr. rmsd
    2.61391e-05

           Step           Time
          38000       76.00000

   Energies (kJ/mol)
          Angle    Proper Dih. Ryckaert-Bell.          LJ-14     Coulomb-14
    9.48731e+03    5.16364e+02    4.30105e+03    7.04551e+03    3.10586e+04
        LJ (SR)   Coulomb (SR)   Coul. recip. Position Rest.      Potential
    2.46013e+05   -1.65772e+06    7.71253e+03    1.10824e+03   -1.35047e+06
    Kinetic En.   Total Energy  Conserved En.    Temperature Pressure (bar)
    2.21395e+05   -1.12908e+06   -1.13363e+06    3.00314e+02   -7.60907e+00
   Constr. rmsd
    2.85511e-05

           Step           Time
          39000       78.00000

   Energies (kJ/mol)
          Angle    Proper Dih. Ryckaert-Bell.          LJ-14     Coulomb-14
    9.55646e+03    5.32121e+02    4.37375e+03    7.09266e+03    3.09994e+04
        LJ (SR)   Coulomb (SR)   Coul. recip. Position Rest.      Potential
    2.45409e+05   -1.65807e+06    7.62989e+03    1.06466e+03   -1.35141e+06
    Kinetic En.   Total Energy  Conserved En.    Temperature Pressure (bar)
    2.21354e+05   -1.13006e+06   -1.13369e+06    3.00259e+02    9.70686e+00
   Constr. rmsd
    2.69462e-05

           Step           Time
          40000       80.00000

   Energies (kJ/mol)
          Angle    Proper Dih. Ryckaert-Bell.          LJ-14     Coulomb-14
    9.13026e+03    5.41066e+02    4.24251e+03    7.09361e+03    3.10848e+04
        LJ (SR)   Coulomb (SR)   Coul. recip. Position Rest.      Potential
    2.45967e+05   -1.66013e+06    7.49875e+03    1.06852e+03   -1.35351e+06
    Kinetic En.   Total Energy  Conserved En.    Temperature Pressure (bar)
    2.20891e+05   -1.13262e+06   -1.13377e+06    2.99631e+02   -2.53230e-01
   Constr. rmsd
    2.80770e-05

           Step           Time
          41000       82.00000

   Energies (kJ/mol)
          Angle    Proper Dih. Ryckaert-Bell.          LJ-14     Coulomb-14
    9.22099e+03    5.50939e+02    4.20350e+03    7.20141e+03    3.11377e+04
        LJ (SR)   Coulomb (SR)   Coul. recip. Position Rest.      Potential
    2.44568e+05   -1.65621e+06    7.59894e+03    1.05747e+03   -1.35067e+06
    Kinetic En.   Total Energy  Conserved En.    Temperature Pressure (bar)
    2.20384e+05   -1.13028e+06   -1.13382e+06    2.98944e+02   -1.56074e+01
   Constr. rmsd
    2.82178e-05

           Step           Time
          42000       84.00000

   Energies (kJ/mol)
          Angle    Proper Dih. Ryckaert-Bell.          LJ-14     Coulomb-14
    9.26365e+03    5.26519e+02    4.09364e+03    7.23652e+03    3.11916e+04
        LJ (SR)   Coulomb (SR)   Coul. recip. Position Rest.      Potential
    2.45128e+05   -1.65834e+06    7.63067e+03    1.03356e+03   -1.35224e+06
    Kinetic En.   Total Energy  Conserved En.    Temperature Pressure (bar)
    2.20724e+05   -1.13151e+06   -1.13387e+06    2.99405e+02    4.99059e+01
   Constr. rmsd
    2.57828e-05

           Step           Time
          43000       86.00000

   Energies (kJ/mol)
          Angle    Proper Dih. Ryckaert-Bell.          LJ-14     Coulomb-14
    9.37446e+03    6.22903e+02    4.36359e+03    7.10459e+03    3.11570e+04
        LJ (SR)   Coulomb (SR)   Coul. recip. Position Rest.      Potential
    2.45994e+05   -1.65974e+06    7.44595e+03    1.17166e+03   -1.35251e+06
    Kinetic En.   Total Energy  Conserved En.    Temperature Pressure (bar)
    2.21891e+05   -1.13062e+06   -1.13394e+06    3.00987e+02    1.49347e+01
   Constr. rmsd
    2.78358e-05

           Step           Time
          44000       88.00000

   Energies (kJ/mol)
          Angle    Proper Dih. Ryckaert-Bell.          LJ-14     Coulomb-14
    9.18798e+03    5.20925e+02    4.22913e+03    7.25569e+03    3.11454e+04
        LJ (SR)   Coulomb (SR)   Coul. recip. Position Rest.      Potential
    2.45067e+05   -1.65741e+06    7.54697e+03    1.07039e+03   -1.35139e+06
    Kinetic En.   Total Energy  Conserved En.    Temperature Pressure (bar)
    2.21199e+05   -1.13019e+06   -1.13400e+06    3.00049e+02    1.98026e+01
   Constr. rmsd
    2.63469e-05

           Step           Time
          45000       90.00000

   Energies (kJ/mol)
          Angle    Proper Dih. Ryckaert-Bell.          LJ-14     Coulomb-14
    8.99003e+03    4.99853e+02    4.24368e+03    7.09903e+03    3.10716e+04
        LJ (SR)   Coulomb (SR)   Coul. recip. Position Rest.      Potential
    2.45094e+05   -1.65819e+06    7.45074e+03    1.04778e+03   -1.35270e+06
    Kinetic En.   Total Energy  Conserved En.    Temperature Pressure (bar)
    2.21013e+05   -1.13168e+06   -1.13409e+06    2.99797e+02   -1.56262e+01
   Constr. rmsd
    2.71950e-05

Writing checkpoint, step 45100 at Tue Jun 11 16:26:51 2024


           Step           Time
          46000       92.00000

   Energies (kJ/mol)
          Angle    Proper Dih. Ryckaert-Bell.          LJ-14     Coulomb-14
    9.44456e+03    5.51990e+02    4.26907e+03    7.16388e+03    3.09550e+04
        LJ (SR)   Coulomb (SR)   Coul. recip. Position Rest.      Potential
    2.42852e+05   -1.65319e+06    7.54612e+03    1.10716e+03   -1.34930e+06
    Kinetic En.   Total Energy  Conserved En.    Temperature Pressure (bar)
    2.21625e+05   -1.12768e+06   -1.13414e+06    3.00627e+02   -1.37382e+02
   Constr. rmsd
    2.65975e-05

           Step           Time
          47000       94.00000

   Energies (kJ/mol)
          Angle    Proper Dih. Ryckaert-Bell.          LJ-14     Coulomb-14
    9.23590e+03    5.31191e+02    4.29721e+03    7.16171e+03    3.11101e+04
        LJ (SR)   Coulomb (SR)   Coul. recip. Position Rest.      Potential
    2.44997e+05   -1.65579e+06    7.63729e+03    1.13070e+03   -1.34969e+06
    Kinetic En.   Total Energy  Conserved En.    Temperature Pressure (bar)
    2.20321e+05   -1.12937e+06   -1.13420e+06    2.98857e+02   -3.20362e+01
   Constr. rmsd
    2.84839e-05

           Step           Time
          48000       96.00000

   Energies (kJ/mol)
          Angle    Proper Dih. Ryckaert-Bell.          LJ-14     Coulomb-14
    9.17144e+03    6.10169e+02    4.29445e+03    7.13384e+03    3.10781e+04
        LJ (SR)   Coulomb (SR)   Coul. recip. Position Rest.      Potential
    2.43733e+05   -1.65372e+06    7.58025e+03    1.10140e+03   -1.34902e+06
    Kinetic En.   Total Energy  Conserved En.    Temperature Pressure (bar)
    2.21339e+05   -1.12768e+06   -1.13428e+06    3.00239e+02   -5.47314e+01
   Constr. rmsd
    2.85386e-05

           Step           Time
          49000       98.00000

   Energies (kJ/mol)
          Angle    Proper Dih. Ryckaert-Bell.          LJ-14     Coulomb-14
    9.48221e+03    6.22831e+02    4.22365e+03    7.12574e+03    3.10552e+04
        LJ (SR)   Coulomb (SR)   Coul. recip. Position Rest.      Potential
    2.43543e+05   -1.65461e+06    7.61710e+03    1.09815e+03   -1.34984e+06
    Kinetic En.   Total Energy  Conserved En.    Temperature Pressure (bar)
    2.22849e+05   -1.12699e+06   -1.13433e+06    3.02287e+02   -6.40837e+01
   Constr. rmsd
    2.89981e-05

           Step           Time
          50000      100.00000

Writing checkpoint, step 50000 at Tue Jun 11 16:34:26 2024



Reading checkpoint file npt.cpt
  file generated by:     /usr/bin/gmx
  file generated at:     Tue Jun 11 16:34:26 2024

  GROMACS double prec.:  0
  simulation part #:     1
  step:                  50000
  time:                  100.000000



-----------------------------------------------------------
Restarting from checkpoint, appending to previous log file.

              :-) GROMACS - gmx mdrun, 2021.4-Ubuntu-2021.4-2 (-:

Executable:   /usr/bin/gmx
Data prefix:  /usr
Working dir:  /mnt/c/users/user/Desktop/6LU7_Simulation
Process ID:   12345
Command line:
  gmx mdrun -deffnm npt -v -cpi

GROMACS version:    2021.4-Ubuntu-2021.4-2
Precision:          mixed
Memory model:       64 bit
MPI library:        thread_mpi
OpenMP support:     enabled (GMX_OPENMP_MAX_THREADS = 64)
GPU support:        disabled
SIMD instructions:  SSE4.1
FFT library:        fftw-3.3.8-sse2-avx
RDTSCP usage:       enabled
TNG support:        enabled
Hwloc support:      hwloc-2.5.0
Tracing support:    disabled
C compiler:         /usr/bin/cc GNU 11.2.0
C compiler flags:   -msse4.1 -Wno-missing-field-initializers -fexcess-precision=fast -funroll-all-loops -O3 -DNDEBUG
C++ compiler:       /usr/bin/c++ GNU 11.2.0
C++ compiler flags: -msse4.1 -Wno-missing-field-initializers -fexcess-precision=fast -funroll-all-loops -fopenmp -O3 -DNDEBUG

Changing nstlist from 10 to 50, rlist from 1 to 1.116

Using 1 MPI thread
Using 4 OpenMP threads 

Pinning threads with an auto-selected logical core stride of 1
System total charge: -0.000
Will do PME sum in reciprocal space for electrostatic interactions.

++++ PLEASE READ AND CITE THE FOLLOWING REFERENCE ++++
U. Essmann, L. Perera, M. L. Berkowitz, T. Darden, H. Lee and L. G. Pedersen 
A smooth particle mesh Ewald method
J. Chem. Phys. 103 (1995) pp. 8577-8592
-------- -------- --- Thank You --- -------- --------

Using a Gaussian width (1/beta) of 0.320163 nm for Ewald
Potential shift: LJ r^-12: -1.000e+00 r^-6: -1.000e+00, Ewald -1.000e-05
Initialized non-bonded Ewald tables, spacing: 9.33e-04 size: 1073

Generated table with 1058 data points for 1-4 COUL.
Tabscale = 500 points/nm
Generated table with 1058 data points for 1-4 LJ6.
Tabscale = 500 points/nm
Generated table with 1058 data points for 1-4 LJ12.
Tabscale = 500 points/nm


Using SIMD 4x4 nonbonded short-range kernels

Using a dual 4x4 pair-list setup updated with dynamic pruning:
  outer list: updated every 50 steps, buffer 0.116 nm, rlist 1.116 nm
  inner list: updated every 12 steps, buffer 0.003 nm, rlist 1.003 nm
At tolerance 0.005 kJ/mol/ps per atom, equivalent classical 1x1 list would be:
  outer list: updated every 50 steps, buffer 0.244 nm, rlist 1.244 nm
  inner list: updated every 12 steps, buffer 0.047 nm, rlist 1.047 nm

Using geometric Lennard-Jones combination rule

Initializing LINear Constraint Solver

++++ PLEASE READ AND CITE THE FOLLOWING REFERENCE ++++
B. Hess and H. Bekker and H. J. C. Berendsen and J. G. E. M. Fraaije
LINCS: A Linear Constraint Solver for molecular simulations
J. Comp. Chem. 18 (1997) pp. 1463-1472
-------- -------- --- Thank You --- -------- --------

The number of constraints is 4735

++++ PLEASE READ AND CITE THE FOLLOWING REFERENCE ++++
S. Miyamoto and P. A. Kollman
SETTLE: An Analytical Version of the SHAKE and RATTLE Algorithms for Rigid
Water Models
J. Comp. Chem. 13 (1992) pp. 952-962
-------- -------- --- Thank You --- -------- --------

There are: 88692 Atoms
Center of mass motion removal mode is Linear
We have the following groups for center of mass motion removal:
  0:  rest

Started mdrun on rank 0 Mon Jul  8 23:10:56 2024

           Step           Time
          50000      100.00000

   Energies (kJ/mol)
          Angle    Proper Dih. Ryckaert-Bell.          LJ-14     Coulomb-14
    9.39027e+03    5.32485e+02    4.24692e+03    7.19287e+03    3.11704e+04
        LJ (SR)   Coulomb (SR)   Coul. recip. Position Rest.      Potential
    2.46042e+05   -1.65842e+06    7.53136e+03    1.09162e+03   -1.35122e+06
    Kinetic En.   Total Energy  Conserved En.    Temperature Pressure (bar)
    2.22008e+05   -1.12921e+06   -1.13439e+06    3.01147e+02    7.16146e+01
   Constr. rmsd
    2.72977e-05


Time interval for measuring conserved energy has length 0, time 100 to 100


	<======  ###############  ==>
	<====  A V E R A G E S  ====>
	<==  ###############  ======>

	Statistics over 50001 steps using 501 frames

   Energies (kJ/mol)
          Angle    Proper Dih. Ryckaert-Bell.          LJ-14     Coulomb-14
    9.26097e+03    5.54738e+02    4.32829e+03    7.14998e+03    3.10881e+04
        LJ (SR)   Coulomb (SR)   Coul. recip. Position Rest.      Potential
    2.45035e+05   -1.65717e+06    7.56864e+03    1.07892e+03   -1.35110e+06
    Kinetic En.   Total Energy  Conserved En.    Temperature Pressure (bar)
    2.21176e+05   -1.12993e+06   -1.13282e+06    3.00018e+02    2.31883e-02
   Constr. rmsd
    0.00000e+00

          Box-X          Box-Y          Box-Z
    9.61564e+00    9.61564e+00    9.61564e+00

   Total Virial (kJ/mol)
    7.39084e+04   -5.68333e+01   -4.99818e+02
   -5.69751e+01    7.35928e+04   -2.30055e+02
   -4.99664e+02   -2.29843e+02    7.36768e+04

   Pressure (bar)
   -6.42554e+00    1.81529e+00    2.02078e+01
    1.82059e+00    4.90948e+00    9.38897e+00
    2.02021e+01    9.38107e+00    1.58563e+00

      T-Protein  T-non-Protein
    2.99973e+02    3.00020e+02


	M E G A - F L O P S   A C C O U N T I N G

 NB=Group-cutoff nonbonded kernels    NxN=N-by-N cluster Verlet kernels
 RF=Reaction-Field  VdW=Van der Waals  QSTab=quadratic-spline table
 W3=SPC/TIP3p  W4=TIP4p (single or pairs)
 V&F=Potential and force  V=Potential only  F=Force only

 Computing:                               M-Number         M-Flops  % Flops
-----------------------------------------------------------------------------
 Pair Search distance check              32.818988         295.371    10.9
 NxN QSTab Elec. + LJ [V&F]              23.519976        1387.679    51.4
 NxN QSTab Elec. [V&F]                   20.959592         859.343    31.8
 1,4 nonbonded interactions               0.012266           1.104     0.0
 Calc Weights                             0.266076           9.579     0.4
 Spread Q Bspline                         5.676288          11.353     0.4
 Gather F Bspline                         5.676288          34.058     1.3
 3D-FFT                                   9.437184          75.497     2.8
 Solve PME                                0.004096           0.262     0.0
 Shift-X                                  0.088692           0.532     0.0
 Angles                                   0.008522           1.432     0.1
 Propers                                  0.000968           0.222     0.0
 RB-Dihedrals                             0.009490           2.344     0.1
 Pos. Restr.                              0.002368           0.118     0.0
 Virial                                   0.088737           1.597     0.1
 Stop-CM                                  0.088692           0.887     0.0
 Calc-Ekin                                0.177384           4.789     0.2
 Lincs                                    0.004735           0.284     0.0
 Lincs-Mat                                0.102264           0.409     0.0
 Constraint-V                             0.093476           0.841     0.0
 Constraint-Vir                           0.088741           2.130     0.1
 Settle                                   0.028002          10.361     0.4
-----------------------------------------------------------------------------
 Total                                                    2700.192   100.0
-----------------------------------------------------------------------------


     R E A L   C Y C L E   A N D   T I M E   A C C O U N T I N G

On 1 MPI rank, each using 4 OpenMP threads

 Computing:          Num   Num      Call    Wall time         Giga-Cycles
                     Ranks Threads  Count      (s)         total sum    %
-----------------------------------------------------------------------------
 Neighbor search        1    4          1       0.104          1.164   3.7
 Force                  1    4          1       0.096          1.071   3.4
 PME mesh               1    4          1       0.011          0.120   0.4
 NB X/F buffer ops.     1    4          1       0.000          0.005   0.0
 Write traj.            1    4          1       2.533         28.303  91.1
 Update                 1    4          1       0.001          0.007   0.0
 Constraints            1    4          1       0.030          0.335   1.1
 Rest                                           0.005          0.059   0.2
-----------------------------------------------------------------------------
 Total                                          2.780         31.065 100.0
-----------------------------------------------------------------------------
 Breakdown of PME mesh computation
-----------------------------------------------------------------------------
 PME spread             1    4          1       0.004          0.047   0.2
 PME gather             1    4          1       0.004          0.048   0.2
 PME 3D-FFT             1    4          2       0.002          0.018   0.1
 PME solve Elec         1    4          1       0.001          0.008   0.0
-----------------------------------------------------------------------------

               Core t (s)   Wall t (s)        (%)
       Time:       11.114        2.780      399.8
                 (ns/day)    (hour/ns)
Performance:        0.062      386.125
Finished mdrun on rank 0 Mon Jul  8 23:10:59 2024

